#
# There is insufficient memory for the Java Runtime Environment to continue.
# Native memory allocation (mmap) failed to map 465567744 bytes. Error detail: G1 virtual space
# Possible reasons:
#   The system is out of physical RAM or swap space
#   This process is running with CompressedOops enabled, and the Java Heap may be blocking the growth of the native heap
# Possible solutions:
#   Reduce memory load on the system
#   Increase physical memory or swap space
#   Check if swap backing store is full
#   Decrease Java heap size (-Xmx/-Xms)
#   Decrease number of Java threads
#   Decrease Java thread stack sizes (-Xss)
#   Set larger code cache with -XX:ReservedCodeCacheSize=
#   JVM is running with Zero Based Compressed Oops mode in which the Java heap is
#     placed in the first 32GB address space. The Java Heap base address is the
#     maximum limit for the native heap growth. Please use -XX:HeapBaseMinAddress
#     to set the Java Heap base and to place the Java Heap above 32GB virtual address.
# This output file may be truncated or incomplete.
#
#  Out of Memory Error (os_windows.cpp:3825), pid=165128, tid=163316
#
# JRE version:  (17.0.11+1) (build )
# Java VM: OpenJDK 64-Bit Server VM (17.0.11+1-b1207.24, mixed mode, sharing, tiered, compressed oops, compressed class ptrs, g1 gc, windows-amd64)
# No core dump will be written. Minidumps are not enabled by default on client versions of Windows
#

---------------  S U M M A R Y ------------

Command Line: git4idea.http.GitAskPassApp Username for 'https://github.com': 

Host: AMD Ryzen 7 7735HS with Radeon Graphics        , 16 cores, 27G,  Windows 11 , 64 bit Build 22621 (10.0.22621.2483)
Time: Mon Jun  3 05:50:25 2024 Pacific Daylight Time (Mexico) elapsed time: 0.009465 seconds (0d 0h 0m 0s)

---------------  T H R E A D  ---------------

Current thread (0x000002590bcc7aa0):  JavaThread "Unknown thread" [_thread_in_vm, id=163316, stack(0x0000006ec5900000,0x0000006ec5a00000)]

Stack: [0x0000006ec5900000,0x0000006ec5a00000]
Native frames: (J=compiled Java code, j=interpreted, Vv=VM code, C=native code)
V  [jvm.dll+0x6877f9]
V  [jvm.dll+0x8411aa]
V  [jvm.dll+0x842e2e]
V  [jvm.dll+0x843493]
V  [jvm.dll+0x249fdf]
V  [jvm.dll+0x6845c9]
V  [jvm.dll+0x678e7a]
V  [jvm.dll+0x30ab4b]
V  [jvm.dll+0x311ff6]
V  [jvm.dll+0x361a5e]
V  [jvm.dll+0x361c8f]
V  [jvm.dll+0x2e0978]
V  [jvm.dll+0x2e18e4]
V  [jvm.dll+0x811c71]
V  [jvm.dll+0x36f7c8]
V  [jvm.dll+0x7f05f6]
V  [jvm.dll+0x3f398f]
V  [jvm.dll+0x3f5541]
C  [jli.dll+0x528f]
C  [ucrtbase.dll+0x29363]
C  [KERNEL32.DLL+0x1257d]
C  [ntdll.dll+0x5aa78]


---------------  P R O C E S S  ---------------

Threads class SMR info:
_java_thread_list=0x00007ff9a9b2efd8, length=0, elements={
}

Java Threads: ( => current thread )

Other Threads:
  0x000002590bd62170 GCTaskThread "GC Thread#0" [stack: 0x0000006ec5a00000,0x0000006ec5b00000] [id=164208]
  0x000002590bd70dd0 ConcurrentGCThread "G1 Main Marker" [stack: 0x0000006ec5b00000,0x0000006ec5c00000] [id=162888]
  0x000002590bd71700 ConcurrentGCThread "G1 Conc#0" [stack: 0x0000006ec5c00000,0x0000006ec5d00000] [id=164536]

[error occurred during error reporting (printing all threads), id 0xc0000005, EXCEPTION_ACCESS_VIOLATION (0xc0000005) at pc=0x00007ff9a92e1547]

VM state: not at safepoint (not fully initialized)

VM Mutex/Monitor currently owned by a thread:  ([mutex/lock_event])
[0x000002590bcc2380] Heap_lock - owner thread: 0x000002590bcc7aa0

Heap address: 0x0000000644000000, size: 7104 MB, Compressed Oops mode: Zero based, Oop shift amount: 3

CDS archive(s) mapped at: [0x0000000000000000-0x0000000000000000-0x0000000000000000), size 0, SharedBaseAddress: 0x0000000800000000, ArchiveRelocationMode: 1.
Narrow klass base: 0x0000000000000000, Narrow klass shift: 0, Narrow klass range: 0x0

GC Precious Log:
<Empty>

Heap:
 garbage-first heap   total 0K, used 0K [0x0000000644000000, 0x0000000800000000)
  region size 4096K, 0 young (0K), 0 survivors (0K)
 Metaspace       used 0K, committed 0K, reserved 0K
  class space    used 0K, committed 0K, reserved 0K

Heap Regions: E=young(eden), S=young(survivor), O=old, HS=humongous(starts), HC=humongous(continues), CS=collection set, F=free, OA=open archive, CA=closed archive, TAMS=top-at-mark-start (previous, next)

Card table byte_map: [0x000002591fad0000,0x00000259208b0000] _byte_map_base: 0x000002591c8b0000

Marking Bits (Prev, Next): (CMBitMap*) 0x000002590bd626a0, (CMBitMap*) 0x000002590bd626e0
 Prev Bits: [0x0000025921690000, 0x0000025928590000)
 Next Bits: [0x0000025928590000, 0x000002592f490000)

GC Heap History (0 events):
No events

Dll operation events (1 events):
Event: 0.005 Loaded shared library C:\Users\Diego Ochoa\AppData\Local\Programs\CLion\jbr\bin\java.dll

Deoptimization events (0 events):
No events

Classes unloaded (0 events):
No events

Classes redefined (0 events):
No events

Internal exceptions (0 events):
No events

VM Operations (0 events):
No events

Events (0 events):
No events


Dynamic libraries:
0x00007ff71ef30000 - 0x00007ff71ef3a000 	C:\Users\Diego Ochoa\AppData\Local\Programs\CLion\jbr\bin\java.exe
0x00007ff9e0070000 - 0x00007ff9e0287000 	C:\WINDOWS\SYSTEM32\ntdll.dll
0x00007ff9df340000 - 0x00007ff9df404000 	C:\WINDOWS\System32\KERNEL32.DLL
0x00007ff9dd8b0000 - 0x00007ff9ddc57000 	C:\WINDOWS\System32\KERNELBASE.dll
0x00007ff9dd560000 - 0x00007ff9dd671000 	C:\WINDOWS\System32\ucrtbase.dll
0x00007ff9c7970000 - 0x00007ff9c7987000 	C:\Users\Diego Ochoa\AppData\Local\Programs\CLion\jbr\bin\jli.dll
0x00007ff9b9b40000 - 0x00007ff9b9b5b000 	C:\Users\Diego Ochoa\AppData\Local\Programs\CLion\jbr\bin\VCRUNTIME140.dll
0x00007ff9dfae0000 - 0x00007ff9dfc8e000 	C:\WINDOWS\System32\USER32.dll
0x00007ff9ddce0000 - 0x00007ff9ddd06000 	C:\WINDOWS\System32\win32u.dll
0x00007ff9c4810000 - 0x00007ff9c4aa3000 	C:\WINDOWS\WinSxS\amd64_microsoft.windows.common-controls_6595b64144ccf1df_6.0.22621.2483_none_2714a1b573815e84\COMCTL32.dll
0x00007ff9df4e0000 - 0x00007ff9df509000 	C:\WINDOWS\System32\GDI32.dll
0x00007ff9dee00000 - 0x00007ff9deea7000 	C:\WINDOWS\System32\msvcrt.dll
0x00007ff9dd680000 - 0x00007ff9dd798000 	C:\WINDOWS\System32\gdi32full.dll
0x00007ff9dd7a0000 - 0x00007ff9dd83a000 	C:\WINDOWS\System32\msvcp_win.dll
0x00007ff9dff70000 - 0x00007ff9dffa1000 	C:\WINDOWS\System32\IMM32.DLL
0x00007ff9bc310000 - 0x00007ff9bc31c000 	C:\Users\Diego Ochoa\AppData\Local\Programs\CLion\jbr\bin\vcruntime140_1.dll
0x00007ff98b1e0000 - 0x00007ff98b26d000 	C:\Users\Diego Ochoa\AppData\Local\Programs\CLion\jbr\bin\msvcp140.dll
0x00007ff9a8ff0000 - 0x00007ff9a9c73000 	C:\Users\Diego Ochoa\AppData\Local\Programs\CLion\jbr\bin\server\jvm.dll
0x00007ff9df710000 - 0x00007ff9df7c0000 	C:\WINDOWS\System32\ADVAPI32.dll
0x00007ff9df410000 - 0x00007ff9df4b6000 	C:\WINDOWS\System32\sechost.dll
0x00007ff9dfe50000 - 0x00007ff9dff67000 	C:\WINDOWS\System32\RPCRT4.dll
0x00007ff9bb370000 - 0x00007ff9bb379000 	C:\WINDOWS\SYSTEM32\WSOCK32.dll
0x00007ff9dc280000 - 0x00007ff9dc2cd000 	C:\WINDOWS\SYSTEM32\POWRPROF.dll
0x00007ff9dffb0000 - 0x00007ff9e0021000 	C:\WINDOWS\System32\WS2_32.dll
0x00007ff9d5380000 - 0x00007ff9d53b4000 	C:\WINDOWS\SYSTEM32\WINMM.dll
0x00007ff9d64b0000 - 0x00007ff9d64ba000 	C:\WINDOWS\SYSTEM32\VERSION.dll
0x00007ff9dc260000 - 0x00007ff9dc273000 	C:\WINDOWS\SYSTEM32\UMPDC.dll
0x00007ff9dc4c0000 - 0x00007ff9dc4d8000 	C:\WINDOWS\SYSTEM32\kernel.appcore.dll
0x00007ff9d8d70000 - 0x00007ff9d8d7a000 	C:\Users\Diego Ochoa\AppData\Local\Programs\CLion\jbr\bin\jimage.dll
0x00007ff9d4250000 - 0x00007ff9d447e000 	C:\WINDOWS\SYSTEM32\DBGHELP.DLL
0x00007ff9deeb0000 - 0x00007ff9df23a000 	C:\WINDOWS\System32\combase.dll
0x00007ff9df560000 - 0x00007ff9df637000 	C:\WINDOWS\System32\OLEAUT32.dll
0x00007ff9c25f0000 - 0x00007ff9c2622000 	C:\WINDOWS\SYSTEM32\dbgcore.DLL
0x00007ff9ddc60000 - 0x00007ff9ddcda000 	C:\WINDOWS\System32\bcryptPrimitives.dll
0x00007ff9d3d30000 - 0x00007ff9d3d55000 	C:\Users\Diego Ochoa\AppData\Local\Programs\CLion\jbr\bin\java.dll

dbghelp: loaded successfully - version: 4.0.5 - missing functions: none
symbol engine: initialized successfully - sym options: 0x614 - pdb path: .;C:\Users\Diego Ochoa\AppData\Local\Programs\CLion\jbr\bin;C:\WINDOWS\SYSTEM32;C:\WINDOWS\WinSxS\amd64_microsoft.windows.common-controls_6595b64144ccf1df_6.0.22621.2483_none_2714a1b573815e84;C:\Users\Diego Ochoa\AppData\Local\Programs\CLion\jbr\bin\server

VM Arguments:
java_command: git4idea.http.GitAskPassApp Username for 'https://github.com': 
java_class_path (initial): C:/Users/Diego Ochoa/AppData/Local/Programs/CLion/plugins/vcs-git/lib/git4idea-rt.jar;C:/Users/Diego Ochoa/AppData/Local/Programs/CLion/lib/externalProcess-rt.jar
Launcher Type: SUN_STANDARD

[Global flags]
     intx CICompilerCount                          = 12                                        {product} {ergonomic}
     uint ConcGCThreads                            = 3                                         {product} {ergonomic}
     uint G1ConcRefinementThreads                  = 13                                        {product} {ergonomic}
   size_t G1HeapRegionSize                         = 4194304                                   {product} {ergonomic}
    uintx GCDrainStackTargetSize                   = 64                                        {product} {ergonomic}
   size_t InitialHeapSize                          = 465567744                                 {product} {ergonomic}
   size_t MarkStackSize                            = 4194304                                   {product} {ergonomic}
   size_t MaxHeapSize                              = 7449083904                                {product} {ergonomic}
   size_t MinHeapDeltaBytes                        = 4194304                                   {product} {ergonomic}
   size_t MinHeapSize                              = 8388608                                   {product} {ergonomic}
    uintx NonNMethodCodeHeapSize                   = 7602480                                {pd product} {ergonomic}
    uintx NonProfiledCodeHeapSize                  = 122027880                              {pd product} {ergonomic}
    uintx ProfiledCodeHeapSize                     = 122027880                              {pd product} {ergonomic}
    uintx ReservedCodeCacheSize                    = 251658240                              {pd product} {ergonomic}
     bool SegmentedCodeCache                       = true                                      {product} {ergonomic}
   size_t SoftMaxHeapSize                          = 7449083904                             {manageable} {ergonomic}
     bool UseCompressedClassPointers               = true                           {product lp64_product} {ergonomic}
     bool UseCompressedOops                        = true                           {product lp64_product} {ergonomic}
     bool UseG1GC                                  = true                                      {product} {ergonomic}
     bool UseLargePagesIndividualAllocation        = false                                  {pd product} {ergonomic}

Logging:
Log output configuration:
 #0: stdout all=warning uptime,level,tags
 #1: stderr all=off uptime,level,tags

Environment Variables:
PATH=C:/Program Files/Git/mingw64/libexec/git-core;C:/Program Files/Git/mingw64/libexec/git-core;C:\Program Files\Git\mingw64\bin;C:\Program Files\Git\usr\bin;C:\Users\Diego Ochoa\bin;C:\WINDOWS\system32;C:\WINDOWS;C:\WINDOWS\System32\Wbem;C:\WINDOWS\System32\WindowsPowerShell\v1.0\;C:\WINDOWS\System32\OpenSSH\;C:\WINDOWS\system32;C:\WINDOWS;C:\WINDOWS\System32\Wbem;C:\WINDOWS\System32\WindowsPowerShell\v1.0\;C:\WINDOWS\System32\OpenSSH\;C:\Recovery\OEM\Backup\;C:\Program Files\Git\cmd;C:\Program Files\Microsoft SQL Server\150\Tools\Binn\;C:\Program Files\Microsoft SQL Server\Client SDK\ODBC\170\Tools\Binn\;C:\Program Files\dotnet\;C:\Users\Diego Ochoa\AppData\Local\Programs\Python\Launcher\;C:\Users\Diego Ochoa\AppData\Local\Microsoft\WindowsApps;C:\Users\Diego Ochoa\AppData\Local\Programs\Microsoft VS Code\bin;C:\msys64\ucrt64\bin;C:\Users\Diego Ochoa\AppData\Local\JetBrains\Toolbox\scripts;C:\Users\Diego Ochoa\.dotnet\tools
USERNAME=Diego Ochoa
DISPLAY=:0.0
LC_ALL=en_US.UTF-8
TERM=xterm-256color
TMPDIR=C:\Users\DIEGOO~1\AppData\Local\Temp
OS=Windows_NT
PROCESSOR_IDENTIFIER=AMD64 Family 25 Model 68 Stepping 1, AuthenticAMD
TMP=C:\Users\DIEGOO~1\AppData\Local\Temp
TEMP=C:\Users\DIEGOO~1\AppData\Local\Temp



Periodic native trim disabled

JNI global refs:
JNI global refs: 0, weak refs: 0

JNI global refs memory usage: 0, weak refs: 0

Process memory usage:
Resident Set Size: 11804K (0% of 29095560K total physical memory with 10605932K free physical memory)

OOME stack traces (most recent first):
Classloader memory used:


---------------  S Y S T E M  ---------------

OS:
 Windows 11 , 64 bit Build 22621 (10.0.22621.2483)
OS uptime: 1 days 8:54 hours

CPU: total 16 (initial active 16) (16 cores per cpu, 2 threads per core) family 25 model 68 stepping 1 microcode 0x0, cx8, cmov, fxsr, ht, mmx, 3dnowpref, sse, sse2, sse3, ssse3, sse4a, sse4.1, sse4.2, popcnt, lzcnt, tsc, tscinvbit, avx, avx2, aes, erms, clmul, bmi1, bmi2, adx, sha, fma, vzeroupper, clflush, clflushopt
Processor Information for processor 0
  Max Mhz: 3201, Current Mhz: 2560, Mhz Limit: 3201
Processor Information for processor 1
  Max Mhz: 3201, Current Mhz: 2560, Mhz Limit: 3201
Processor Information for processor 2
  Max Mhz: 3201, Current Mhz: 2560, Mhz Limit: 3201
Processor Information for processor 3
  Max Mhz: 3201, Current Mhz: 2560, Mhz Limit: 3201
Processor Information for processor 4
  Max Mhz: 3201, Current Mhz: 2560, Mhz Limit: 3201
Processor Information for processor 5
  Max Mhz: 3201, Current Mhz: 2560, Mhz Limit: 3201
Processor Information for processor 6
  Max Mhz: 3201, Current Mhz: 3201, Mhz Limit: 3201
Processor Information for processor 7
  Max Mhz: 3201, Current Mhz: 2560, Mhz Limit: 3201
Processor Information for processor 8
  Max Mhz: 3201, Current Mhz: 2560, Mhz Limit: 3201
Processor Information for processor 9
  Max Mhz: 3201, Current Mhz: 2560, Mhz Limit: 3201
Processor Information for processor 10
  Max Mhz: 3201, Current Mhz: 3201, Mhz Limit: 3201
Processor Information for processor 11
  Max Mhz: 3201, Current Mhz: 2560, Mhz Limit: 3201
Processor Information for processor 12
  Max Mhz: 3201, Current Mhz: 2560, Mhz Limit: 3201
Processor Information for processor 13
  Max Mhz: 3201, Current Mhz: 2560, Mhz Limit: 3201
Processor Information for processor 14
  Max Mhz: 3201, Current Mhz: 2560, Mhz Limit: 3201
Processor Information for processor 15
  Max Mhz: 3201, Current Mhz: 2560, Mhz Limit: 3201

Memory: 4k page, system-wide physical 28413M (10357M free)
TotalPageFile size 28413M (AvailPageFile size 351M)
current process WorkingSet (physical memory assigned to process): 11M, peak: 11M
current process commit charge ("private bytes"): 70M, peak: 514M

vm_info: OpenJDK 64-Bit Server VM (17.0.11+1-b1207.24) for windows-amd64 JRE (17.0.11+1-b1207.24), built on 2024-05-15 by "builduser" with MS VC++ 16.10 / 16.11 (VS2019)

END.
